2024-11-24 17:04:32,225 CRIT Supervisor is running as root.  Privileges were not dropped because no user is specified in the config file.  If you intend to run as root, you can set user=root in the config file to avoid this message.
2024-11-24 17:04:32,226 INFO supervisord started with pid 1
2024-11-24 17:04:33,230 INFO spawned: 'discord-bot' with pid 7
2024-11-24 17:04:33,238 INFO spawned: 'laravel-queue-worker' with pid 8
2024-11-24 17:04:33,241 INFO spawned: 'php-fpm' with pid 9
2024-11-24 17:04:34,352 INFO success: discord-bot entered RUNNING state, process has stayed up for > than 1 seconds (startsecs)
2024-11-24 17:04:34,353 INFO success: laravel-queue-worker entered RUNNING state, process has stayed up for > than 1 seconds (startsecs)
2024-11-24 17:04:34,353 INFO success: php-fpm entered RUNNING state, process has stayed up for > than 1 seconds (startsecs)
2024-11-24 17:05:56,392 WARN received SIGQUIT indicating exit request
2024-11-24 17:05:56,392 INFO waiting for discord-bot, laravel-queue-worker, php-fpm to die
2024-11-24 17:05:56,396 INFO stopped: php-fpm (exit status 0)
2024-11-24 17:05:56,401 INFO stopped: laravel-queue-worker (exit status 0)
2024-11-24 17:05:56,407 WARN stopped: discord-bot (terminated by SIGTERM)
2024-11-24 17:08:08,817 CRIT Supervisor is running as root.  Privileges were not dropped because no user is specified in the config file.  If you intend to run as root, you can set user=root in the config file to avoid this message.
2024-11-24 17:08:08,819 INFO supervisord started with pid 1
2024-11-24 17:08:09,821 INFO spawned: 'discord-bot' with pid 7
2024-11-24 17:08:09,824 INFO spawned: 'laravel-queue-worker' with pid 8
2024-11-24 17:08:09,827 INFO spawned: 'php-fpm' with pid 9
2024-11-24 17:08:10,845 INFO success: discord-bot entered RUNNING state, process has stayed up for > than 1 seconds (startsecs)
2024-11-24 17:08:10,845 INFO success: laravel-queue-worker entered RUNNING state, process has stayed up for > than 1 seconds (startsecs)
2024-11-24 17:08:10,845 INFO success: php-fpm entered RUNNING state, process has stayed up for > than 1 seconds (startsecs)
